[2014-10-17 17:01:17] START
[2014-10-17 17:04:07] EDIT scada_pyserial/views/default/index.html: 351
[2014-10-17 17:05:11] EDIT scada_pyserial/controllers/default.py: 44
[2014-10-17 17:17:40] EDIT scada_pyserial/views/default/index.html: -37
[2014-10-17 17:18:38] EDIT scada_pyserial/views/default/index.html: 0
[2014-10-17 17:19:03] EDIT scada_pyserial/views/default/index.html: 0
[2014-10-17 17:19:36] EDIT scada_pyserial/views/default/index.html: 0
[2014-10-17 17:20:35] EDIT scada_pyserial/views/default/index.html: -1
[2014-10-17 17:21:53] EDIT scada_pyserial/controllers/default.py: -3
[2014-10-17 17:24:57] EDIT scada_pyserial/views/default/index.html: 3
[2014-10-17 17:26:11] EDIT scada_pyserial/views/default/index.html: -43
[2014-10-17 17:28:05] EDIT scada_pyserial/views/default/index.html: -112
[2014-10-17 17:29:28] EDIT scada_pyserial/controllers/default.py: -19
[2014-10-17 17:31:57] EDIT scada_pyserial/controllers/default.py: -6
[2014-10-17 17:33:21] EDIT scada_pyserial/views/default/index.html: 0
[2014-10-17 17:35:02] EDIT scada_pyserial/controllers/default.py: 0
[2014-10-17 17:35:30] EDIT scada_pyserial/views/default/index.html: 0
[2014-10-17 17:39:03] EDIT scada_pyserial/views/default/index.html: 15
[2014-10-17 17:42:20] EDIT scada_pyserial/controllers/default.py: 0
[2014-10-17 17:43:41] EDIT scada_pyserial/views/default/index.html: -17
[2014-10-17 17:50:01] EDIT scada_pyserial/views/default/index.html: -5
[2014-10-17 17:51:59] EDIT scada_pyserial/views/default/index.html: -1
[2014-10-17 17:53:22] EDIT scada_pyserial/controllers/default.py: 0
[2014-10-17 17:55:47] EDIT scada_pyserial/views/default/index.html: -151
[2014-10-17 17:58:19] EDIT scada_pyserial/views/default/index.html: 197
[2014-10-17 17:59:16] EDIT scada_pyserial/views/default/index.html: -27
[2014-10-17 18:00:22] EDIT scada_pyserial/views/default/index.html: 0
[2014-10-17 18:02:12] EDIT scada_pyserial/views/default/index.html: -6
[2014-10-17 18:03:59] EDIT scada_pyserial/views/default/index.html: 1
[2014-10-17 18:05:18] EDIT scada_pyserial/controllers/default.py: 6
[2014-10-17 19:25:50] EDIT scada_pyserial/controllers/default.py: 0
[2014-10-17 19:35:48] EDIT scada_pyserial/controllers/default.py: 0
[2014-10-17 19:36:57] EDIT scada_pyserial/controllers/default.py: 1
[2014-10-17 19:37:51] EDIT scada_pyserial/controllers/default.py: 0
[2014-10-17 19:42:35] EDIT scada_pyserial/views/default/index.html: 10
[2014-10-17 19:42:43] EDIT scada_pyserial/views/default/index.html: 0
[2014-10-17 20:04:51] EDIT scada_pyserial/controllers/default.py: 0
[2014-10-17 20:05:38] EDIT scada_pyserial/views/default/index.html: 1
[2014-10-17 20:08:48] EDIT scada_pyserial/controllers/default.py: 1
[2014-10-17 20:08:58] EDIT scada_pyserial/views/default/index.html: 0
[2014-10-17 20:09:50] EDIT scada_pyserial/views/default/index.html: 1
[2014-10-17 20:11:21] EDIT scada_pyserial/views/default/index.html: 0
[2014-10-17 20:14:09] EDIT scada_pyserial/views/default/index.html: -10
[2014-10-17 20:14:41] EDIT scada_pyserial/controllers/default.py: -2
[2014-10-17 20:16:59] EDIT scada_pyserial/views/default/index.html: 0
[2014-10-17 20:18:32] EDIT scada_pyserial/controllers/default.py: 1
[2014-10-17 20:21:14] EDIT scada_pyserial/views/default/index.html: 0
[2014-10-17 20:36:19] EDIT scada_pyserial/views/default/index.html: 13
[2014-10-17 20:47:49] EDIT scada_pyserial/controllers/default.py: 1
[2014-10-17 20:49:30] EDIT scada_pyserial/views/default/index.html: -2
[2014-10-17 20:51:45] EDIT scada_pyserial/views/default/index.html: 1
[2014-10-17 20:54:23] EDIT scada_pyserial/views/default/index.html: 0
[2014-10-17 21:00:19] EDIT scada_pyserial/views/default/index.html: 0
[2014-10-17 21:02:38] EDIT scada_pyserial/views/default/index.html: 0
[2014-10-17 21:04:03] EDIT scada_pyserial/views/default/index.html: 0
[2014-10-17 21:05:23] EDIT scada_pyserial/views/default/index.html: 0
[2014-10-17 21:09:55] EDIT scada_pyserial/views/default/index.html: 0
[2014-10-17 21:31:08] EDIT scada_pyserial/views/default/index.html: -13
[2014-10-17 21:32:12] EDIT scada_pyserial/controllers/default.py: -2
[2014-10-17 21:33:08] EDIT scada_pyserial/views/default/index.html: 1
[2014-10-17 21:39:41] EDIT scada_pyserial/views/default/index.html: 2
[2014-10-17 21:42:00] EDIT scada_pyserial/views/default/index.html: 0
[2014-10-17 21:44:33] EDIT scada_pyserial/views/default/index.html: -1
[2014-10-17 21:45:46] EDIT scada_pyserial/views/default/index.html: 0
[2014-10-17 21:47:05] EDIT scada_pyserial/views/default/index.html: 0
[2014-10-17 21:57:22] EDIT scada_pyserial/views/default/index.html: 0
[2014-10-17 21:59:33] EDIT scada_pyserial/views/default/index.html: -1
[2014-10-17 22:18:15] EDIT scada_pyserial/controllers/default.py: 0
[2014-10-17 22:23:20] EDIT scada_pyserial/controllers/default.py: 0
[2014-10-17 22:26:55] EDIT scada_pyserial/controllers/default.py: 0
[2014-10-18 07:49:09] EDIT scada_pyserial/views/default/index.html: 11
[2014-10-18 07:53:41] EDIT scada_pyserial/controllers/default.py: 2
[2014-10-18 07:54:59] EDIT scada_pyserial/views/default/index.html: 19
[2014-10-18 07:56:01] EDIT scada_pyserial/views/default/index.html: -10
[2014-10-18 07:57:07] EDIT scada_pyserial/views/default/index.html: 0
[2014-10-18 07:58:38] EDIT scada_pyserial/views/default/index.html: 0
[2014-10-18 07:59:20] EDIT scada_pyserial/views/default/index.html: 0
[2014-10-18 08:03:21] EDIT scada_pyserial/views/default/index.html: 0
[2014-10-18 08:06:51] EDIT scada_pyserial/views/default/index.html: 0
[2014-10-18 08:08:02] EDIT scada_pyserial/views/default/index.html: 0
[2014-10-18 08:09:04] EDIT scada_pyserial/views/default/index.html: 0
[2014-10-18 08:09:57] EDIT scada_pyserial/controllers/default.py: 0
[2014-10-18 08:10:49] EDIT scada_pyserial/controllers/default.py: 0
[2014-10-18 08:11:58] EDIT scada_pyserial/views/default/index.html: 1
[2014-10-18 08:13:40] EDIT scada_pyserial/controllers/default.py: 3
[2014-10-18 08:13:51] EDIT scada_pyserial/views/default/index.html: 0
[2014-10-18 08:18:45] EDIT scada_pyserial/views/default/index.html: -1
[2014-10-18 08:19:58] EDIT scada_pyserial/views/default/index.html: 0
[2014-10-18 08:20:55] EDIT scada_pyserial/views/default/index.html: 0
[2014-10-18 08:23:30] EDIT scada_pyserial/controllers/default.py: -2
[2014-10-18 08:24:14] EDIT scada_pyserial/controllers/default.py: 0
[2014-10-18 08:25:38] EDIT scada_pyserial/views/default/index.html: 0
[2014-10-18 08:26:23] EDIT scada_pyserial/views/default/index.html: 0
[2014-10-18 08:28:53] EDIT scada_pyserial/views/default/index.html: 1
[2014-10-18 08:30:33] EDIT scada_pyserial/views/default/index.html: -1
[2014-10-18 08:31:58] EDIT scada_pyserial/controllers/default.py: -1
[2014-10-18 08:32:41] EDIT scada_pyserial/controllers/default.py: 0
[2014-10-18 08:35:16] EDIT scada_pyserial/views/default/index.html: 0
[2014-10-18 08:36:08] EDIT scada_pyserial/controllers/default.py: 0
[2014-10-18 08:39:12] EDIT scada_pyserial/views/default/index.html: -1
[2014-10-18 08:40:02] EDIT scada_pyserial/views/default/index.html: 0
[2014-10-18 08:40:42] EDIT scada_pyserial/views/default/index.html: 0
[2014-10-18 08:43:00] EDIT scada_pyserial/views/default/index.html: 1
[2014-10-18 08:43:50] EDIT scada_pyserial/views/default/index.html: 0
[2014-10-18 08:45:32] EDIT scada_pyserial/views/default/index.html: -1
[2014-10-18 08:50:49] EDIT scada_pyserial/controllers/default.py: 0
[2014-10-18 08:52:19] EDIT scada_pyserial/controllers/default.py: -1
[2014-10-18 08:55:13] EDIT scada_pyserial/views/default/index.html: 0
[2014-10-18 08:57:51] EDIT scada_pyserial/controllers/default.py: 0
[2014-10-18 08:59:18] EDIT scada_pyserial/views/default/index.html: 0
[2014-10-18 09:01:27] EDIT scada_pyserial/controllers/default.py: 0
[2014-10-18 09:02:47] EDIT scada_pyserial/views/default/index.html: 0
[2014-10-18 09:04:57] EDIT scada_pyserial/controllers/default.py: 0
[2014-10-18 09:06:20] EDIT scada_pyserial/views/default/index.html: 0
[2014-10-18 09:15:36] EDIT scada_pyserial/controllers/default.py: 4
[2014-10-18 09:16:15] EDIT scada_pyserial/views/default/index.html: 0
[2014-10-18 09:18:07] EDIT scada_pyserial/controllers/default.py: 2
[2014-10-18 09:19:46] EDIT scada_pyserial/controllers/default.py: 1
[2014-10-18 09:21:02] EDIT scada_pyserial/controllers/default.py: 0
[2014-10-18 09:25:54] EDIT scada_pyserial/controllers/default.py: 1
[2014-10-18 09:28:28] EDIT scada_pyserial/controllers/default.py: 1
[2014-10-18 09:38:56] EDIT scada_pyserial/controllers/default.py: -1
[2014-10-18 09:42:31] EDIT scada_pyserial/controllers/default.py: 0
[2014-10-18 09:43:16] EDIT scada_pyserial/controllers/default.py: -6
[2014-10-18 09:43:48] EDIT scada_pyserial/views/default/index.html: 0
[2014-10-18 10:06:34] EDIT scada_pyserial/controllers/default.py: -2
[2014-10-18 10:09:13] EDIT scada_pyserial/controllers/default.py: 0
[2014-10-18 10:10:16] EDIT scada_pyserial/controllers/default.py: 0
[2014-10-18 10:10:55] EDIT scada_pyserial/views/default/index.html: 0
[2014-10-18 10:11:14] EDIT scada_pyserial/views/default/index.html: 1
[2014-10-18 10:16:04] EDIT scada_pyserial/views/default/index.html: -13
[2014-10-18 10:25:03] EDIT scada_pyserial/views/default/index.html: -9
[2014-10-18 10:25:37] EDIT scada_pyserial/controllers/default.py: -2
[2014-10-18 10:28:35] EDIT scada_pyserial/controllers/default.py: 0
[2014-10-18 10:29:10] EDIT scada_pyserial/views/default/index.html: 0
[2014-10-18 10:31:45] EDIT scada_pyserial/controllers/default.py: 0
[2014-10-18 10:33:42] EDIT scada_pyserial/views/default/index.html: 14
[2014-10-18 10:34:50] EDIT scada_pyserial/views/default/index.html: -6
[2014-10-18 10:35:30] EDIT scada_pyserial/views/default/index.html: -12
[2014-10-18 10:36:12] EDIT scada_pyserial/controllers/default.py: -2
[2014-10-18 10:36:46] EDIT scada_pyserial/controllers/default.py: 0
[2014-10-18 10:37:34] EDIT scada_pyserial/controllers/default.py: 0
[2014-10-18 10:38:19] EDIT scada_pyserial/controllers/default.py: 1
[2014-10-18 10:38:55] EDIT scada_pyserial/controllers/default.py: 0
[2014-10-18 10:39:53] EDIT scada_pyserial/views/default/index.html: -2
[2014-10-18 10:41:58] EDIT scada_pyserial/views/default/index.html: 3
[2014-10-18 10:46:30] EDIT scada_pyserial/views/default/index.html: -2
[2014-10-18 10:50:09] EDIT scada_pyserial/views/default/index.html: 3
[2014-10-18 11:02:56] EDIT scada_pyserial/views/default/index.html: 1
[2014-10-18 11:03:51] EDIT scada_pyserial/views/default/index.html: 1
[2014-10-18 11:04:39] EDIT scada_pyserial/views/default/index.html: 6
[2014-10-18 11:07:00] EDIT scada_pyserial/controllers/default.py: 5
[2014-10-18 11:08:23] EDIT scada_pyserial/views/default/index.html: 1
[2014-10-18 11:10:02] EDIT scada_pyserial/controllers/default.py: 1
[2014-10-18 11:10:13] EDIT scada_pyserial/controllers/default.py: 0
[2014-10-18 11:12:54] EDIT scada_pyserial/controllers/default.py: 0
[2014-10-18 11:15:38] EDIT scada_pyserial/controllers/default.py: 0
[2014-10-18 11:16:12] EDIT scada_pyserial/views/default/index.html: 0
[2014-10-18 11:19:55] EDIT scada_pyserial/views/default/index.html: 9
[2014-10-18 11:22:54] EDIT scada_pyserial/views/default/index.html: 0
[2014-10-18 11:54:14] EDIT scada_pyserial/controllers/default.py: 0
[2014-10-18 11:55:08] EDIT scada_pyserial/views/default/index.html: 0
[2014-10-18 11:56:34] EDIT scada_pyserial/views/default/index.html: 0
[2014-10-18 12:02:43] EDIT scada_pyserial/views/default/index.html: 9
[2014-10-18 12:03:37] EDIT scada_pyserial/controllers/default.py: 2
[2014-10-18 12:05:37] EDIT scada_pyserial/views/default/index.html: 0
[2014-10-18 12:08:13] EDIT scada_pyserial/views/default/index.html: 1
[2014-10-18 12:09:50] EDIT scada_pyserial/views/default/index.html: -3
[2014-10-18 12:10:26] EDIT scada_pyserial/views/default/index.html: 0
[2014-10-18 12:11:15] EDIT scada_pyserial/views/default/index.html: -7
[2014-10-18 12:12:56] EDIT scada_pyserial/views/default/index.html: -2
[2014-10-18 12:14:22] EDIT scada_pyserial/views/default/index.html: 0
[2014-10-18 12:14:44] EDIT scada_pyserial/controllers/default.py: -4
[2014-10-18 12:15:11] EDIT scada_pyserial/views/default/index.html: 0
[2014-10-18 12:18:35] EDIT scada_pyserial/views/default/index.html: 0
[2014-10-18 12:20:01] EDIT scada_pyserial/views/default/index.html: -2
[2014-10-18 12:25:29] EDIT scada_pyserial/views/default/index.html: 0
[2014-10-18 12:26:57] EDIT scada_pyserial/views/default/index.html: 0
[2014-10-18 12:27:20] EDIT scada_pyserial/views/default/index.html: 0
[2014-10-18 12:28:42] EDIT scada_pyserial/views/default/index.html: 0
[2014-10-18 12:29:51] EDIT scada_pyserial/views/default/index.html: 0
[2014-10-18 12:33:49] EDIT scada_pyserial/views/default/index.html: 0
[2014-10-18 12:35:25] EDIT scada_pyserial/views/default/index.html: 1
[2014-10-18 12:37:27] EDIT scada_pyserial/views/default/index.html: 0
[2014-10-18 12:39:21] EDIT scada_pyserial/controllers/default.py: 0
[2014-10-18 12:39:26] EDIT scada_pyserial/controllers/default.py: 0
[2014-10-18 12:42:29] EDIT scada_pyserial/controllers/default.py: 0
[2014-10-18 12:44:30] EDIT scada_pyserial/controllers/default.py: 0
[2014-10-18 13:07:32] EDIT scada_pyserial/views/default/index.html: 0
[2014-10-18 13:10:01] EDIT scada_pyserial/controllers/default.py: 0
[2014-10-18 13:44:20] EDIT scada_pyserial/views/default/index.html: 57
[2014-10-18 13:44:38] EDIT scada_pyserial/controllers/default.py: 0
[2014-10-18 13:49:56] EDIT scada_pyserial/controllers/default.py: 0
[2014-10-18 13:57:47] EDIT scada_pyserial/views/default/index.html: 0
[2014-10-18 13:58:10] EDIT scada_pyserial/controllers/default.py: -1
[2014-10-18 14:18:53] EDIT scada_pyserial/views/default/index.html: 0
[2014-10-20 09:01:59] EDIT scada_pyserial/controllers/default.py: 0
[2014-10-20 09:06:34] EDIT scada_pyserial/controllers/default.py: 0
[2014-10-20 09:09:33] EDIT scada_pyserial/controllers/default.py: 1
[2014-10-20 09:17:31] EDIT scada_pyserial/controllers/default.py: 0
[2014-10-20 09:19:25] EDIT scada_pyserial/controllers/default.py: 0
[2014-10-20 09:54:32] EDIT scada_pyserial/controllers/default.py: 8
[2014-10-20 09:55:45] EDIT scada_pyserial/controllers/default.py: 1
[2014-10-20 09:56:59] EDIT scada_pyserial/controllers/default.py: 0
[2014-10-20 09:57:48] EDIT scada_pyserial/controllers/default.py: 1
[2014-10-20 09:59:09] EDIT scada_pyserial/controllers/default.py: 0
[2014-10-21 09:22:55] EDIT scada_pyserial/controllers/default.py: 0
[2014-10-22 16:33:11] EDIT scada_pyserial/controllers/default.py: 0
[2014-10-22 16:34:24] EDIT scada_pyserial/controllers/default.py: 0
[2014-10-22 16:36:57] EDIT scada_pyserial/controllers/default.py: -1
[2014-10-22 16:37:34] EDIT scada_pyserial/views/default/index.html: 0
[2014-10-22 16:39:35] EDIT scada_pyserial/controllers/default.py: -1
[2014-10-22 16:40:37] EDIT scada_pyserial/controllers/default.py: -1
[2014-10-22 16:45:03] EDIT scada_pyserial/controllers/default.py: 0
[2014-10-22 16:49:31] EDIT scada_pyserial/controllers/default.py: -1
[2014-10-22 16:50:40] EDIT scada_pyserial/controllers/default.py: 0
[2014-10-22 16:51:35] EDIT scada_pyserial/controllers/default.py: 1
[2014-10-22 16:55:27] EDIT scada_pyserial/controllers/default.py: 0
[2014-10-22 16:57:06] EDIT scada_pyserial/controllers/default.py: 0
[2014-10-22 17:05:14] EDIT scada_pyserial/controllers/default.py: 5
[2014-10-22 17:06:31] EDIT scada_pyserial/controllers/default.py: 0
[2014-10-22 17:09:55] EDIT scada_pyserial/views/default/index.html: 12
[2014-10-22 17:12:07] EDIT scada_pyserial/controllers/default.py: 0
[2014-10-22 17:13:53] EDIT scada_pyserial/controllers/default.py: -2
[2014-10-22 17:14:53] EDIT scada_pyserial/views/default/index.html: -12
[2014-10-22 17:15:45] EDIT scada_pyserial/controllers/default.py: 0
[2014-10-22 17:18:32] EDIT scada_pyserial/views/default/index.html: 1
[2014-10-22 17:22:06] EDIT scada_pyserial/views/default/index.html: 1
[2014-10-22 17:25:58] EDIT scada_pyserial/views/default/index.html: 2
[2014-10-22 17:27:22] EDIT scada_pyserial/views/default/index.html: 0
[2014-10-22 17:27:45] EDIT scada_pyserial/controllers/default.py: 0
[2014-10-22 17:28:05] EDIT scada_pyserial/controllers/default.py: 0
[2014-10-22 17:30:02] EDIT scada_pyserial/views/default/index.html: 0
[2014-10-22 17:30:29] EDIT scada_pyserial/views/default/index.html: 0
[2014-10-22 17:32:51] EDIT scada_pyserial/controllers/default.py: 0
[2014-10-22 17:37:27] EDIT scada_pyserial/views/default/index.html: 1
[2014-10-22 17:39:41] EDIT scada_pyserial/controllers/default.py: 0
[2014-10-22 17:41:29] EDIT scada_pyserial/views/default/index.html: 0
[2014-10-22 17:43:07] EDIT scada_pyserial/controllers/default.py: -1
[2014-10-22 17:45:11] EDIT scada_pyserial/controllers/default.py: 0
[2014-10-22 17:48:21] EDIT scada_pyserial/views/default/index.html: 2
[2014-10-22 17:49:56] EDIT scada_pyserial/controllers/default.py: 1
[2014-10-22 17:55:11] EDIT scada_pyserial/controllers/default.py: 0
[2014-10-22 17:57:41] EDIT scada_pyserial/controllers/default.py: 0
[2014-10-22 18:31:33] EDIT scada_pyserial/controllers/default.py: -6
[2014-10-22 18:33:40] EDIT scada_pyserial/controllers/default.py: 0
[2014-10-22 18:33:59] EDIT scada_pyserial/views/default/index.html: -5
[2014-10-22 18:36:02] EDIT scada_pyserial/views/default/index.html: -1
[2014-10-22 18:37:23] EDIT scada_pyserial/controllers/default.py: 0
[2014-10-22 18:40:21] EDIT scada_pyserial/controllers/default.py: 5
[2014-10-22 18:41:34] EDIT scada_pyserial/controllers/default.py: 0
[2014-10-22 19:51:51] EDIT scada_pyserial/controllers/default.py: -1
[2014-10-22 19:52:16] EDIT scada_pyserial/controllers/default.py: 1
[2014-10-22 19:55:48] EDIT scada_pyserial/controllers/default.py: 0
[2014-10-22 19:56:50] EDIT scada_pyserial/controllers/default.py: 0
[2014-10-22 19:59:06] EDIT scada_pyserial/controllers/default.py: -1
[2014-10-22 20:02:14] EDIT scada_pyserial/controllers/default.py: 0
[2014-10-22 20:03:29] EDIT scada_pyserial/controllers/default.py: 0
[2014-10-22 20:04:26] EDIT scada_pyserial/controllers/default.py: 0
[2014-10-22 20:06:19] EDIT scada_pyserial/controllers/default.py: -2
[2014-10-22 20:09:32] EDIT scada_pyserial/controllers/default.py: 1
[2014-10-22 20:09:33] EDIT scada_pyserial/controllers/default.py: 0
[2014-10-22 20:13:59] EDIT scada_pyserial/controllers/default.py: 0
[2014-10-22 20:14:22] EDIT scada_pyserial/controllers/default.py: 0
[2014-10-22 20:15:45] EDIT scada_pyserial/controllers/default.py: -1
[2014-10-22 20:22:08] EDIT scada_pyserial/views/default/index.html: 4
[2014-10-22 20:22:50] EDIT scada_pyserial/views/default/index.html: 0
[2014-10-22 20:24:29] EDIT scada_pyserial/controllers/default.py: -1
[2014-10-22 20:26:46] EDIT scada_pyserial/controllers/default.py: 1
[2014-10-22 20:28:25] EDIT scada_pyserial/views/default/index.html: 0
[2014-10-22 20:32:31] EDIT scada_pyserial/controllers/default.py: 0
[2014-10-22 20:33:43] EDIT scada_pyserial/views/default/index.html: 1
[2014-10-22 20:38:09] EDIT scada_pyserial/controllers/default.py: 0
[2014-10-22 20:39:09] EDIT scada_pyserial/views/default/index.html: 0
[2014-10-22 20:41:07] EDIT scada_pyserial/controllers/default.py: 0
[2014-10-22 20:42:06] EDIT scada_pyserial/views/default/index.html: 0
[2014-10-22 20:43:22] EDIT scada_pyserial/views/default/index.html: 0
[2014-10-22 20:48:27] EDIT scada_pyserial/controllers/default.py: 2
[2014-10-22 21:10:02] EDIT scada_pyserial/controllers/default.py: -1
[2014-10-22 21:16:33] EDIT scada_pyserial/controllers/default.py: 0
[2014-10-22 21:17:47] EDIT scada_pyserial/controllers/default.py: 0
[2014-10-22 21:25:35] EDIT scada_pyserial/controllers/default.py: 0
[2014-10-22 21:48:18] EDIT scada_pyserial/controllers/default.py: 1
[2014-10-22 21:50:22] EDIT scada_pyserial/controllers/default.py: 0
[2014-10-22 21:52:51] EDIT scada_pyserial/controllers/default.py: 0
[2014-10-22 21:55:05] EDIT scada_pyserial/controllers/default.py: 0
[2014-10-22 22:04:06] EDIT scada_pyserial/controllers/default.py: 2
[2014-10-22 22:06:40] EDIT scada_pyserial/controllers/default.py: 1
[2014-10-22 22:09:56] EDIT scada_pyserial/controllers/default.py: -2
[2014-10-22 22:11:47] EDIT scada_pyserial/views/default/index.html: 0
[2014-10-22 22:13:01] EDIT scada_pyserial/views/default/index.html: 0
[2014-10-22 22:13:16] EDIT scada_pyserial/controllers/default.py: 0
[2014-10-22 22:15:58] EDIT scada_pyserial/controllers/default.py: -1
[2014-10-22 22:19:14] EDIT scada_pyserial/views/default/index.html: 11
[2014-10-22 22:21:24] EDIT scada_pyserial/controllers/default.py: 2
[2014-10-22 22:22:55] EDIT scada_pyserial/views/default/index.html: 0
[2014-10-22 22:26:19] EDIT scada_pyserial/controllers/default.py: 5
[2014-10-22 22:29:26] EDIT scada_pyserial/controllers/default.py: 0
[2014-10-22 22:33:57] EDIT scada_pyserial/views/default/index.html: 0
[2014-10-22 22:35:30] EDIT scada_pyserial/views/default/index.html: 0
[2014-10-22 22:39:22] EDIT scada_pyserial/controllers/default.py: 0
[2014-10-22 22:43:44] EDIT scada_pyserial/controllers/default.py: 0
[2014-10-22 22:46:14] EDIT scada_pyserial/views/default/index.html: 0
[2014-10-22 22:49:43] EDIT scada_pyserial/controllers/default.py: 0
[2014-10-22 22:51:15] EDIT scada_pyserial/views/default/index.html: 0
[2014-10-22 22:52:40] EDIT scada_pyserial/views/default/index.html: 0
[2014-10-22 22:55:28] EDIT scada_pyserial/controllers/default.py: 0
[2014-10-22 22:58:05] EDIT scada_pyserial/controllers/default.py: 0
[2014-10-22 22:59:00] EDIT scada_pyserial/controllers/default.py: 0
[2014-10-22 23:00:06] EDIT scada_pyserial/views/default/index.html: 0
[2014-10-23 17:16:30] EDIT scada_pyserial/controllers/default.py: 0
[2014-10-23 17:17:44] EDIT scada_pyserial/controllers/default.py: -1
[2014-10-23 17:21:47] EDIT scada_pyserial/views/default/index.html: 0
[2014-10-23 17:22:46] EDIT scada_pyserial/views/default/index.html: 0
[2014-10-23 17:23:18] EDIT scada_pyserial/views/default/index.html: 0
[2014-10-23 17:23:50] EDIT scada_pyserial/views/default/index.html: 0
[2014-10-23 17:24:35] EDIT scada_pyserial/views/default/index.html: 0
[2014-10-23 17:28:38] EDIT scada_pyserial/controllers/default.py: -2
[2014-10-23 17:29:16] EDIT scada_pyserial/controllers/default.py: 0
[2014-10-23 17:29:23] EDIT scada_pyserial/controllers/default.py: 0
[2014-10-23 17:29:57] EDIT scada_pyserial/controllers/default.py: 0
[2014-10-23 17:31:22] EDIT scada_pyserial/controllers/default.py: 0
[2014-10-23 17:31:58] EDIT scada_pyserial/controllers/default.py: 0
[2014-10-23 17:32:26] EDIT scada_pyserial/controllers/default.py: 0
[2014-10-23 17:33:10] EDIT scada_pyserial/controllers/default.py: 0
[2014-10-23 17:33:54] EDIT scada_pyserial/controllers/default.py: 0
[2014-10-23 17:34:34] EDIT scada_pyserial/controllers/default.py: 0
[2014-10-23 17:35:39] EDIT scada_pyserial/controllers/default.py: 1
[2014-10-23 17:36:00] EDIT scada_pyserial/controllers/default.py: 0
[2014-10-23 17:36:19] EDIT scada_pyserial/controllers/default.py: 0
[2014-10-23 17:37:20] EDIT scada_pyserial/controllers/default.py: 0
[2014-10-23 17:38:42] EDIT scada_pyserial/controllers/default.py: 0
[2014-10-23 17:40:41] EDIT scada_pyserial/controllers/default.py: 3
[2014-10-23 17:41:44] EDIT scada_pyserial/controllers/default.py: 0
[2014-10-23 17:44:09] EDIT scada_pyserial/controllers/default.py: -5
[2014-10-23 17:46:18] EDIT scada_pyserial/controllers/default.py: 0
[2014-10-23 17:46:54] EDIT scada_pyserial/controllers/default.py: 0
[2014-10-23 17:51:31] EDIT scada_pyserial/controllers/default.py: 0
[2014-10-23 17:53:09] EDIT scada_pyserial/controllers/default.py: 1
[2014-10-23 17:54:29] EDIT scada_pyserial/controllers/default.py: 0
[2014-10-23 17:56:52] EDIT scada_pyserial/controllers/default.py: 1
[2014-10-23 17:57:36] EDIT scada_pyserial/controllers/default.py: 0
[2014-10-23 18:02:00] EDIT scada_pyserial/controllers/default.py: 2
[2014-10-23 18:03:31] EDIT scada_pyserial/controllers/default.py: -2
[2014-10-23 18:04:59] EDIT scada_pyserial/controllers/default.py: 0
[2014-10-23 18:05:51] EDIT scada_pyserial/controllers/default.py: 0
[2014-10-23 18:12:04] EDIT scada_pyserial/controllers/default.py: 1
[2014-10-23 18:13:24] EDIT scada_pyserial/controllers/default.py: 0
[2014-10-23 18:16:10] EDIT scada_pyserial/controllers/default.py: 4
[2014-10-23 18:16:51] EDIT scada_pyserial/controllers/default.py: -4
[2014-10-23 18:17:14] EDIT scada_pyserial/controllers/default.py: 0
[2014-10-23 18:17:28] EDIT scada_pyserial/controllers/default.py: 0
[2014-10-23 18:32:46] EDIT scada_pyserial/controllers/default.py: -2
[2014-10-23 18:33:45] EDIT scada_pyserial/controllers/default.py: -1
[2014-10-23 18:35:02] EDIT scada_pyserial/controllers/default.py: 1
[2014-10-23 18:38:43] EDIT scada_pyserial/controllers/default.py: -2
[2014-10-23 18:39:49] EDIT scada_pyserial/controllers/default.py: 0
[2014-10-23 18:40:41] EDIT scada_pyserial/controllers/default.py: -1
[2014-10-23 18:46:33] EDIT scada_pyserial/controllers/default.py: 1
[2014-10-23 18:46:45] EDIT scada_pyserial/controllers/default.py: 0
[2014-10-23 18:47:14] EDIT scada_pyserial/controllers/default.py: 0
[2014-10-23 18:48:08] EDIT scada_pyserial/controllers/default.py: 0
[2014-10-23 18:49:24] EDIT scada_pyserial/controllers/default.py: -2
[2014-10-23 18:51:28] EDIT scada_pyserial/controllers/default.py: 0
[2014-10-23 18:53:33] EDIT scada_pyserial/controllers/default.py: 0
[2014-10-23 18:55:01] EDIT scada_pyserial/controllers/default.py: 1
[2014-10-23 18:56:44] EDIT scada_pyserial/controllers/default.py: 3
[2014-10-23 18:57:17] EDIT scada_pyserial/controllers/default.py: 0
[2014-10-23 18:59:12] EDIT scada_pyserial/controllers/default.py: 0
[2014-10-23 19:00:06] EDIT scada_pyserial/controllers/default.py: 0
[2014-10-23 19:01:04] EDIT scada_pyserial/controllers/default.py: -1
[2014-10-23 19:01:30] EDIT scada_pyserial/controllers/default.py: 0
[2014-10-23 19:05:36] EDIT scada_pyserial/controllers/default.py: -1
[2014-10-23 19:14:35] EDIT scada_pyserial/controllers/default.py: 4
[2014-10-23 19:15:14] EDIT scada_pyserial/controllers/default.py: -1
[2014-10-23 19:16:27] EDIT scada_pyserial/controllers/default.py: 0
[2014-10-23 19:17:16] EDIT scada_pyserial/controllers/default.py: 1
[2014-10-23 19:21:00] EDIT scada_pyserial/controllers/default.py: -3
[2014-10-23 19:22:04] EDIT scada_pyserial/controllers/default.py: 1
[2014-10-23 19:23:29] EDIT scada_pyserial/controllers/default.py: -2
[2014-10-23 19:39:10] EDIT scada_pyserial/controllers/default.py: 4
[2014-10-23 19:40:29] EDIT scada_pyserial/controllers/default.py: 0
[2014-10-23 19:40:35] EDIT scada_pyserial/controllers/default.py: 0
[2014-10-23 19:43:55] EDIT scada_pyserial/controllers/default.py: 1
[2014-10-23 19:47:49] EDIT scada_pyserial/controllers/default.py: -5
[2014-10-23 19:48:06] EDIT scada_pyserial/controllers/default.py: 1
[2014-10-23 19:48:50] EDIT scada_pyserial/controllers/default.py: 0
[2014-10-23 19:50:10] EDIT scada_pyserial/controllers/default.py: 0
[2014-10-23 19:51:46] EDIT scada_pyserial/controllers/default.py: -1
[2014-10-23 19:52:35] EDIT scada_pyserial/controllers/default.py: 0
[2014-10-23 19:56:34] EDIT scada_pyserial/controllers/default.py: 2
[2014-10-23 19:57:52] EDIT scada_pyserial/views/default/index.html: 1
[2014-10-23 19:59:12] EDIT scada_pyserial/views/default/index.html: -56
[2014-10-23 20:01:10] EDIT scada_pyserial/controllers/default.py: 2
[2014-10-23 20:02:50] EDIT scada_pyserial/controllers/default.py: 0
[2014-10-23 20:04:03] EDIT scada_pyserial/controllers/default.py: 0
[2014-10-23 20:05:19] EDIT scada_pyserial/controllers/default.py: -1
[2014-10-23 20:07:11] EDIT scada_pyserial/controllers/default.py: 0
[2014-10-23 20:08:01] EDIT scada_pyserial/controllers/default.py: 0
[2014-10-23 20:09:22] EDIT scada_pyserial/controllers/default.py: 0
[2014-10-23 20:10:21] EDIT scada_pyserial/controllers/default.py: 0
[2014-10-23 20:11:02] EDIT scada_pyserial/controllers/default.py: 0
[2014-10-23 20:35:29] EDIT scada_pyserial/controllers/default.py: 0
[2014-10-23 20:37:10] EDIT scada_pyserial/controllers/default.py: 0
[2014-10-23 20:38:51] EDIT scada_pyserial/controllers/default.py: 2
[2014-10-23 20:41:24] EDIT scada_pyserial/views/default/index.html: -1
[2014-10-23 20:42:13] EDIT scada_pyserial/controllers/default.py: -1
[2014-10-23 20:43:28] EDIT scada_pyserial/controllers/default.py: -1
[2014-10-23 20:44:42] EDIT scada_pyserial/views/default/index.html: -2
[2014-10-23 20:44:50] EDIT scada_pyserial/views/default/index.html: 0
[2014-10-23 20:45:59] EDIT scada_pyserial/views/default/index.html: 0
[2014-10-23 20:46:18] EDIT scada_pyserial/controllers/default.py: 1
[2014-10-23 20:48:23] EDIT scada_pyserial/controllers/default.py: 0
[2014-10-23 20:50:38] EDIT scada_pyserial/controllers/default.py: 2
[2014-10-23 20:51:34] EDIT scada_pyserial/views/default/index.html: 0
[2014-10-23 20:53:43] EDIT scada_pyserial/controllers/default.py: 0
[2014-10-23 20:56:55] EDIT scada_pyserial/controllers/default.py: 0
[2014-10-23 20:58:05] EDIT scada_pyserial/controllers/default.py: 0
[2014-10-23 20:59:29] EDIT scada_pyserial/controllers/default.py: 0
[2014-10-23 21:02:05] EDIT scada_pyserial/controllers/default.py: 1
[2014-10-23 21:03:24] EDIT scada_pyserial/controllers/default.py: 0
[2014-10-23 21:05:25] EDIT scada_pyserial/views/default/index.html: 2
[2014-10-23 21:07:14] EDIT scada_pyserial/views/default/index.html: 2
[2014-10-23 21:08:18] EDIT scada_pyserial/views/default/index.html: 2
[2014-10-23 21:09:59] EDIT scada_pyserial/views/default/index.html: 0
[2014-10-23 21:11:14] EDIT scada_pyserial/views/default/index.html: 0
[2014-10-23 21:11:31] EDIT scada_pyserial/controllers/default.py: 0
[2014-10-23 21:15:14] EDIT scada_pyserial/views/default/index.html: -1
[2014-10-23 21:20:23] EDIT scada_pyserial/views/default/index.html: 2
[2014-10-23 21:21:34] EDIT scada_pyserial/views/default/index.html: 0
[2014-10-23 21:25:09] EDIT scada_pyserial/views/default/index.html: 1
[2014-10-23 21:25:51] EDIT scada_pyserial/views/default/index.html: 0
[2014-10-23 21:27:07] EDIT scada_pyserial/views/default/index.html: 0
[2014-10-23 21:27:52] EDIT scada_pyserial/views/default/index.html: -5
[2014-10-23 21:40:11] EDIT scada_pyserial/views/default/index.html: 2
[2014-10-23 21:42:01] EDIT scada_pyserial/views/default/index.html: 0
[2014-10-23 21:43:56] EDIT scada_pyserial/controllers/default.py: 0
[2014-10-23 21:44:35] EDIT scada_pyserial/views/default/index.html: -2
[2014-10-23 21:46:42] EDIT scada_pyserial/views/default/index.html: 2
[2014-10-23 21:48:45] EDIT scada_pyserial/views/default/index.html: 1
[2014-10-23 21:49:39] EDIT scada_pyserial/views/default/index.html: 0
[2014-10-23 21:51:02] EDIT scada_pyserial/views/default/index.html: 1
[2014-10-23 21:52:33] EDIT scada_pyserial/views/default/index.html: 1
[2014-10-23 21:53:36] EDIT scada_pyserial/views/default/index.html: 0
[2014-10-23 21:56:26] EDIT scada_pyserial/views/default/index.html: -2
[2014-10-23 21:57:34] EDIT scada_pyserial/views/default/index.html: 0
[2014-10-23 21:58:46] EDIT scada_pyserial/controllers/default.py: 0
[2014-10-23 21:59:25] EDIT scada_pyserial/views/default/index.html: 0
[2014-10-23 22:01:10] EDIT scada_pyserial/controllers/default.py: 2
[2014-10-23 22:01:27] EDIT scada_pyserial/controllers/default.py: 0
[2014-10-23 22:03:25] EDIT scada_pyserial/views/default/index.html: 0
[2014-10-24 05:39:10] EDIT scada_pyserial/controllers/default.py: 3
[2014-10-24 05:44:22] EDIT scada_pyserial/controllers/default.py: 0
[2014-10-24 05:46:36] EDIT scada_pyserial/controllers/default.py: 0
[2014-10-24 05:47:27] EDIT scada_pyserial/views/default/index.html: 0
[2014-10-24 05:49:31] EDIT scada_pyserial/views/default/index.html: 1
[2014-10-24 05:51:17] EDIT scada_pyserial/views/default/index.html: 0
[2014-10-24 05:51:41] EDIT scada_pyserial/controllers/default.py: 0
[2014-10-24 05:54:03] EDIT scada_pyserial/views/default/index.html: 0
[2014-10-24 05:54:54] EDIT scada_pyserial/views/default/index.html: -1
[2014-10-24 05:58:07] EDIT scada_pyserial/views/default/index.html: 3
[2014-10-24 05:58:46] EDIT scada_pyserial/controllers/default.py: -1
[2014-10-24 06:00:40] EDIT scada_pyserial/views/default/index.html: 0
[2014-10-24 06:02:51] EDIT scada_pyserial/views/default/index.html: 2
[2014-10-24 06:09:28] EDIT scada_pyserial/views/default/index.html: 2
[2014-10-24 06:11:04] EDIT scada_pyserial/views/default/index.html: 0
[2014-10-24 06:12:51] EDIT scada_pyserial/views/default/index.html: 0
[2014-10-24 06:15:05] EDIT scada_pyserial/views/default/index.html: 3
[2014-10-24 06:17:38] EDIT scada_pyserial/views/default/index.html: -8
[2014-10-24 06:18:52] EDIT scada_pyserial/views/default/index.html: 0
[2014-10-24 06:22:29] EDIT scada_pyserial/controllers/default.py: 0
[2014-10-24 06:23:59] EDIT scada_pyserial/views/default/index.html: 2
[2014-10-24 06:49:01] EDIT scada_pyserial/controllers/default.py: 2
[2014-10-24 06:51:17] EDIT scada_pyserial/controllers/default.py: 0
[2014-10-24 06:52:37] EDIT scada_pyserial/controllers/default.py: 0
[2014-10-24 06:53:55] EDIT scada_pyserial/controllers/default.py: 0
[2014-10-24 06:55:30] EDIT scada_pyserial/controllers/default.py: 0
[2014-10-24 06:58:25] EDIT scada_pyserial/controllers/default.py: 0
[2014-10-24 07:00:19] EDIT scada_pyserial/controllers/default.py: 0
[2014-10-24 07:02:07] EDIT scada_pyserial/controllers/default.py: 0
[2014-10-24 07:03:30] EDIT scada_pyserial/controllers/default.py: 0
[2014-10-24 07:06:56] EDIT scada_pyserial/controllers/default.py: 0
[2014-10-24 07:28:00] EDIT scada_pyserial/controllers/default.py: 0
[2014-10-24 12:31:50] EDIT scada_pyserial/controllers/default.py: 0
[2014-10-24 12:35:12] EDIT scada_pyserial/controllers/default.py: -3
[2014-10-24 12:35:53] EDIT scada_pyserial/views/default/index.html: 0
[2014-10-24 12:37:08] EDIT scada_pyserial/controllers/default.py: 0
[2014-10-24 12:37:43] EDIT scada_pyserial/controllers/default.py: 0
[2014-10-24 12:41:27] EDIT scada_pyserial/views/default/index.html: 0
[2014-10-24 12:43:03] EDIT scada_pyserial/views/default/index.html: 0
[2014-10-24 12:45:25] EDIT scada_pyserial/controllers/default.py: 0
[2014-10-24 12:47:37] EDIT scada_pyserial/controllers/default.py: 0
[2014-10-24 12:48:57] EDIT scada_pyserial/views/default/index.html: 0
[2014-10-24 12:49:16] EDIT scada_pyserial/controllers/default.py: 0
[2014-10-24 12:50:41] EDIT scada_pyserial/views/default/index.html: 0
[2014-10-24 12:52:00] EDIT scada_pyserial/views/default/index.html: 0
[2014-10-24 12:52:13] EDIT scada_pyserial/controllers/default.py: 0
[2014-10-24 12:52:17] EDIT scada_pyserial/controllers/default.py: 0
[2014-10-24 12:53:56] EDIT scada_pyserial/views/default/index.html: 0
[2014-10-24 13:33:03] EDIT scada_pyserial/controllers/default.py: 1
[2014-10-24 13:43:25] EDIT scada_pyserial/controllers/default.py: -2
[2014-10-24 13:47:47] EDIT scada_pyserial/controllers/default.py: 1
[2014-10-24 13:48:08] EDIT scada_pyserial/controllers/default.py: 0
[2014-10-24 13:48:09] EDIT scada_pyserial/controllers/default.py: 0
[2014-10-24 13:49:36] EDIT scada_pyserial/controllers/default.py: -3
[2014-10-24 13:54:55] EDIT scada_pyserial/controllers/default.py: 4
[2014-10-24 13:56:52] EDIT scada_pyserial/controllers/default.py: 0
[2014-10-24 13:58:12] EDIT scada_pyserial/controllers/default.py: 0
[2014-10-24 16:32:54] EDIT scada_pyserial/controllers/default.py: 0
[2014-10-24 19:52:33] EDIT scada_pyserial/controllers/default.py: -1
[2014-10-24 19:52:51] EDIT scada_pyserial/controllers/default.py: 0
[2014-10-24 19:52:55] EDIT scada_pyserial/controllers/default.py: 0
[2014-10-24 19:55:46] EDIT scada_pyserial/views/default/index.html: 1
[2014-10-24 19:57:25] EDIT scada_pyserial/controllers/default.py: 0
[2014-10-24 20:00:47] EDIT scada_pyserial/controllers/default.py: 0
[2014-10-24 20:05:29] EDIT scada_pyserial/controllers/default.py: 0
[2014-10-24 20:06:37] EDIT scada_pyserial/controllers/default.py: -2
[2014-10-24 20:09:18] EDIT scada_pyserial/controllers/default.py: 0
[2014-10-24 20:12:30] EDIT scada_pyserial/controllers/default.py: 0
[2014-10-24 20:13:01] EDIT scada_pyserial/controllers/default.py: 0
[2014-10-24 20:14:50] EDIT scada_pyserial/controllers/default.py: 1
[2014-10-24 20:15:04] EDIT scada_pyserial/controllers/default.py: 0
[2014-10-24 20:16:26] EDIT scada_pyserial/controllers/default.py: 1
[2014-10-24 20:17:04] EDIT scada_pyserial/controllers/default.py: 0
[2014-10-24 20:20:17] EDIT scada_pyserial/views/default/index.html: 0
[2014-10-24 20:21:08] EDIT scada_pyserial/views/default/index.html: 0
[2014-10-24 20:22:26] EDIT scada_pyserial/views/default/index.html: 0
[2014-10-24 20:22:32] EDIT scada_pyserial/views/default/index.html: 0
[2014-10-24 20:24:04] EDIT scada_pyserial/views/default/index.html: 0
[2014-10-24 20:31:52] EDIT scada_pyserial/views/default/index.html: 10
[2014-10-24 20:33:22] EDIT scada_pyserial/views/default/index.html: 2
[2014-10-24 20:39:26] EDIT scada_pyserial/views/default/index.html: 0
[2014-10-24 20:40:36] EDIT scada_pyserial/views/default/index.html: 0
[2014-10-24 20:40:43] EDIT scada_pyserial/views/default/index.html: 0
[2014-10-24 20:41:37] EDIT scada_pyserial/views/default/index.html: 0
[2014-10-24 20:46:05] EDIT scada_pyserial/views/default/index.html: 9
[2014-10-24 20:50:04] EDIT scada_pyserial/views/default/index.html: -1
[2014-10-24 20:52:56] EDIT scada_pyserial/views/default/index.html: 2
[2014-10-24 20:54:33] EDIT scada_pyserial/views/default/index.html: 1
[2014-10-24 20:55:27] EDIT scada_pyserial/views/default/index.html: 0
[2014-10-24 20:56:24] EDIT scada_pyserial/views/default/index.html: -1
[2014-10-24 20:58:49] EDIT scada_pyserial/views/default/index.html: -1
[2014-10-24 21:01:58] EDIT scada_pyserial/views/default/index.html: -11
[2014-10-24 21:10:55] EDIT scada_pyserial/views/default/index.html: 1
[2014-10-24 21:12:29] EDIT scada_pyserial/views/default/index.html: 0
[2014-10-24 21:15:16] EDIT scada_pyserial/views/default/index.html: 1
[2014-10-24 21:16:02] EDIT scada_pyserial/views/default/index.html: 0
[2014-10-24 21:16:47] EDIT scada_pyserial/views/default/index.html: 0
[2014-10-24 21:19:53] EDIT scada_pyserial/views/default/index.html: 0
[2014-10-24 21:23:27] EDIT scada_pyserial/views/default/index.html: 1
[2014-10-24 21:25:10] EDIT scada_pyserial/views/default/index.html: -1
[2014-10-24 21:27:04] EDIT scada_pyserial/views/default/index.html: -1
[2014-10-24 21:28:34] EDIT scada_pyserial/views/default/index.html: 1
[2014-10-24 21:28:54] EDIT scada_pyserial/views/default/index.html: 0
[2014-10-24 21:29:37] EDIT scada_pyserial/views/default/index.html: 0
[2014-10-24 21:31:09] EDIT scada_pyserial/views/default/index.html: 0
[2014-10-24 21:32:22] EDIT scada_pyserial/views/default/index.html: 0
[2014-10-24 21:33:47] EDIT scada_pyserial/views/default/index.html: 1
[2014-10-24 21:34:33] EDIT scada_pyserial/views/default/index.html: -3
[2014-10-24 21:36:40] EDIT scada_pyserial/views/default/index.html: -9
[2014-10-24 21:37:32] EDIT scada_pyserial/views/default/index.html: 0
[2014-10-24 21:38:03] EDIT scada_pyserial/views/default/index.html: 0
[2014-10-24 21:39:12] EDIT scada_pyserial/views/default/index.html: 0
[2014-10-24 21:43:16] EDIT scada_pyserial/views/default/index.html: -5
[2014-10-24 21:43:56] EDIT scada_pyserial/views/default/index.html: 0
[2014-10-24 22:07:08] EDIT scada_pyserial/views/default/index.html: 0
[2014-10-25 10:19:17] EDIT scada_pyserial/controllers/default.py: 0
[2014-10-25 10:25:13] EDIT scada_pyserial/views/default/index.html: 0
[2014-10-25 10:27:58] EDIT scada_pyserial/views/default/index.html: 0
[2014-10-25 10:33:13] EDIT scada_pyserial/controllers/default.py: 0
[2014-10-25 10:40:31] EDIT scada_pyserial/views/default/index.html: 8
[2014-10-25 10:41:51] EDIT scada_pyserial/views/default/index.html: 1
[2014-10-25 10:49:35] EDIT scada_pyserial/views/default/index.html: -8
[2014-10-25 10:51:24] EDIT scada_pyserial/views/default/index.html: 4
[2014-10-25 11:08:22] EDIT scada_pyserial/views/default/index.html: 6
[2014-10-25 11:15:27] EDIT scada_pyserial/views/default/index.html: 0
[2014-10-25 11:18:07] EDIT scada_pyserial/views/default/index.html: 0
[2014-10-25 11:20:03] EDIT scada_pyserial/views/default/index.html: -10
[2014-10-25 11:21:57] EDIT scada_pyserial/views/default/index.html: 2
[2014-10-25 11:22:47] EDIT scada_pyserial/views/default/index.html: 0
[2014-10-25 11:25:45] EDIT scada_pyserial/views/default/index.html: 7
[2014-10-25 11:27:22] EDIT scada_pyserial/views/default/index.html: 0
[2014-10-25 11:29:09] EDIT scada_pyserial/views/default/index.html: -7
[2014-10-25 11:31:51] EDIT scada_pyserial/views/default/index.html: 3
[2014-10-25 11:32:48] EDIT scada_pyserial/views/default/index.html: 0
[2014-10-25 11:33:22] EDIT scada_pyserial/views/default/index.html: 0
[2014-10-25 11:34:56] EDIT scada_pyserial/views/default/index.html: 0
[2014-10-25 11:36:54] EDIT scada_pyserial/views/default/index.html: 3
[2014-10-25 11:39:21] EDIT scada_pyserial/views/default/index.html: -2
[2014-10-25 11:41:05] EDIT scada_pyserial/views/default/index.html: 6
[2014-10-25 11:48:49] EDIT scada_pyserial/views/default/index.html: 1
[2014-10-25 11:51:13] EDIT scada_pyserial/views/default/index.html: 2
[2014-10-25 11:52:13] EDIT scada_pyserial/views/default/index.html: -1
[2014-10-25 12:05:07] EDIT scada_pyserial/views/default/index.html: 4
[2014-10-25 12:07:25] EDIT scada_pyserial/controllers/default.py: 0
[2014-10-25 12:09:08] EDIT scada_pyserial/views/default/index.html: 1
[2014-10-25 12:09:55] EDIT scada_pyserial/controllers/default.py: 0
[2014-10-25 12:10:37] EDIT scada_pyserial/controllers/default.py: -1
[2014-10-25 12:11:07] EDIT scada_pyserial/views/default/index.html: 0
[2014-10-25 12:12:53] EDIT scada_pyserial/views/default/index.html: 0
[2014-10-25 12:13:59] EDIT scada_pyserial/views/default/index.html: 0
[2014-10-25 12:14:36] EDIT scada_pyserial/views/default/index.html: -1
[2014-10-25 12:15:53] EDIT scada_pyserial/views/default/index.html: -1
[2014-10-25 12:18:03] EDIT scada_pyserial/views/default/index.html: 1
[2014-10-25 12:19:32] EDIT scada_pyserial/controllers/default.py: 0
[2014-10-25 12:20:32] EDIT scada_pyserial/views/default/index.html: 0
[2014-10-25 19:33:06] EDIT scada_pyserial/controllers/default.py: -1
[2014-10-25 19:33:29] EDIT scada_pyserial/views/default/index.html: 0
[2014-10-25 19:49:35] EDIT scada_pyserial/controllers/default.py: 1
[2014-10-25 19:51:08] EDIT scada_pyserial/controllers/default.py: -1
[2014-10-25 19:51:40] EDIT scada_pyserial/views/default/index.html: 0
[2014-10-25 19:56:04] EDIT scada_pyserial/models/menu.py: 0
[2014-10-25 19:57:30] EDIT scada_pyserial/controllers/default.py: 0
[2014-10-25 19:57:44] EDIT scada_pyserial/views/default/index.html: 0
[2014-10-25 19:59:50] EDIT scada_pyserial/views/default/index.html: 1
[2014-10-25 20:00:21] EDIT scada_pyserial/views/default/index.html: 0
[2014-10-25 20:02:13] EDIT scada_pyserial/views/default/index.html: 0
[2014-10-25 20:03:56] EDIT scada_pyserial/views/default/index.html: 0
[2014-10-25 20:06:35] EDIT scada_pyserial/views/default/index.html: 0
[2014-10-25 20:10:13] EDIT scada_pyserial/views/default/index.html: -5
[2014-10-25 20:13:17] EDIT scada_pyserial/views/default/index.html: -3
[2014-10-25 20:16:02] EDIT scada_pyserial/views/default/index.html: 6
[2014-10-25 20:17:14] EDIT scada_pyserial/views/default/index.html: 4
[2014-10-25 20:19:31] EDIT scada_pyserial/views/default/index.html: 0
[2014-10-25 20:20:08] EDIT scada_pyserial/views/default/index.html: 0
[2014-10-25 20:22:03] EDIT scada_pyserial/views/default/index.html: 0
[2014-10-25 20:28:01] EDIT scada_pyserial/views/default/index.html: 2
[2014-10-25 20:35:02] EDIT scada_pyserial/views/default/index.html: -1
[2014-10-25 20:39:48] EDIT scada_pyserial/views/default/index.html: 1
[2014-10-25 20:41:15] EDIT scada_pyserial/views/default/index.html: 1
[2014-10-25 20:46:37] EDIT scada_pyserial/views/default/index.html: 0
[2014-10-25 20:47:19] EDIT scada_pyserial/controllers/default.py: 1
[2014-10-25 20:49:26] EDIT scada_pyserial/views/default/index.html: 0
[2014-10-25 20:49:47] EDIT scada_pyserial/controllers/default.py: 1
[2014-10-25 20:50:39] EDIT scada_pyserial/controllers/default.py: 1
[2014-10-25 20:52:59] EDIT scada_pyserial/views/default/index.html: 0
[2014-10-25 20:59:45] EDIT scada_pyserial/views/default/index.html: 3
[2014-10-25 21:00:36] EDIT scada_pyserial/views/default/index.html: -1
[2014-10-25 21:01:51] EDIT scada_pyserial/views/default/index.html: 3
[2014-10-25 21:02:48] EDIT scada_pyserial/controllers/default.py: -3
[2014-10-25 21:05:04] EDIT scada_pyserial/controllers/default.py: 1
[2014-10-25 21:12:16] EDIT scada_pyserial/controllers/default.py: 2
[2014-10-25 21:14:40] EDIT scada_pyserial/controllers/default.py: -1
[2014-10-25 21:15:54] EDIT scada_pyserial/controllers/default.py: 0
[2014-10-25 21:16:33] EDIT scada_pyserial/controllers/default.py: 1
[2014-10-25 21:22:34] EDIT scada_pyserial/controllers/default.py: 0
[2014-10-25 21:24:19] EDIT scada_pyserial/controllers/default.py: 1
[2014-10-25 21:34:10] EDIT scada_pyserial/views/default/index.html: 0
[2014-10-25 21:35:57] EDIT scada_pyserial/controllers/default.py: 1
[2014-10-25 21:37:10] EDIT scada_pyserial/controllers/default.py: 0
[2014-10-26 18:39:31] EDIT scada_pyserial/controllers/default.py: 0
[2014-10-26 18:40:47] EDIT scada_pyserial/views/default/index.html: 0
[2014-10-26 18:41:30] EDIT scada_pyserial/views/default/index.html: 0
[2014-10-26 18:43:12] EDIT scada_pyserial/controllers/default.py: 0
[2014-10-28 10:26:46] EDIT scada_pyserial/controllers/default.py: 0
[2014-10-28 10:41:07] EDIT scada_pyserial/controllers/default.py: 5
[2014-10-28 10:42:54] EDIT scada_pyserial/controllers/default.py: -3
[2014-10-28 10:43:41] EDIT scada_pyserial/controllers/default.py: 3
[2014-10-28 16:30:17] EDIT scada_pyserial/controllers/default.py: 0
[2014-10-28 16:42:33] EDIT scada_pyserial/controllers/default.py: 1
[2014-10-28 16:46:17] EDIT scada_pyserial/controllers/default.py: 1
[2014-10-28 16:47:02] EDIT scada_pyserial/controllers/default.py: 0
[2014-10-28 16:48:01] EDIT scada_pyserial/controllers/default.py: -1
[2014-10-28 16:49:12] EDIT scada_pyserial/controllers/default.py: 0
[2014-10-28 16:50:06] EDIT scada_pyserial/controllers/default.py: 0
[2014-10-28 16:50:28] EDIT scada_pyserial/controllers/default.py: 0
[2014-10-28 17:02:25] EDIT scada_pyserial/controllers/default.py: 0
[2014-10-29 16:26:00] EDIT scada_pyserial/controllers/default.py: 0
[2014-10-29 16:27:04] EDIT scada_pyserial/controllers/default.py: -1
[2014-10-29 16:27:47] EDIT scada_pyserial/controllers/default.py: 1
[2014-10-29 16:28:16] EDIT scada_pyserial/controllers/default.py: 0
[2014-10-29 16:29:25] EDIT scada_pyserial/views/default/index.html: 0
[2014-10-29 16:30:26] EDIT scada_pyserial/controllers/default.py: 0
[2014-10-29 16:31:55] EDIT scada_pyserial/controllers/default.py: 0
[2014-10-29 16:32:52] EDIT scada_pyserial/controllers/default.py: 0
[2014-10-29 16:33:32] EDIT scada_pyserial/controllers/default.py: 0
[2014-10-29 16:34:39] EDIT scada_pyserial/controllers/default.py: 0
[2014-10-29 16:35:10] EDIT scada_pyserial/controllers/default.py: 0
[2014-10-29 16:38:09] EDIT scada_pyserial/controllers/default.py: 0
[2014-10-29 16:39:31] EDIT scada_pyserial/controllers/default.py: 0
[2014-10-29 16:40:47] EDIT scada_pyserial/controllers/default.py: 0
[2014-10-29 16:42:00] EDIT scada_pyserial/controllers/default.py: 0
[2014-10-29 16:42:41] EDIT scada_pyserial/controllers/default.py: 0
[2014-10-29 16:43:12] EDIT scada_pyserial/controllers/default.py: 0
[2014-10-29 16:43:39] EDIT scada_pyserial/controllers/default.py: 0
[2014-10-29 16:44:37] EDIT scada_pyserial/controllers/default.py: 0
[2014-10-29 16:45:41] EDIT scada_pyserial/controllers/default.py: 0
[2014-10-29 16:46:17] EDIT scada_pyserial/controllers/default.py: 0
[2014-10-29 16:47:48] EDIT scada_pyserial/controllers/default.py: 0
[2014-10-29 16:48:35] EDIT scada_pyserial/views/default/index.html: 0
[2014-10-29 16:49:13] EDIT scada_pyserial/views/default/index.html: 0
[2014-10-29 16:49:22] EDIT scada_pyserial/views/default/index.html: 0
[2014-10-29 16:50:47] EDIT scada_pyserial/views/default/index.html: 0
[2014-10-29 16:51:51] EDIT scada_pyserial/views/default/index.html: 0
[2014-10-29 16:52:28] EDIT scada_pyserial/views/default/index.html: 0
[2014-10-29 16:53:00] EDIT scada_pyserial/views/default/index.html: 0
[2014-10-29 16:53:22] EDIT scada_pyserial/views/default/index.html: 0
[2014-10-29 16:53:41] EDIT scada_pyserial/controllers/default.py: 0
[2014-10-29 16:54:58] EDIT scada_pyserial/controllers/default.py: -1
[2014-10-29 16:55:47] EDIT scada_pyserial/controllers/default.py: -1
[2014-10-29 16:58:03] EDIT scada_pyserial/controllers/default.py: 2
[2014-10-29 16:59:03] EDIT scada_pyserial/controllers/default.py: 0
[2014-10-29 17:03:48] EDIT scada_pyserial/controllers/default.py: 0
[2014-10-29 17:04:29] EDIT scada_pyserial/controllers/default.py: 0
[2014-10-29 17:05:33] EDIT scada_pyserial/controllers/default.py: 0
[2014-10-29 17:06:20] EDIT scada_pyserial/controllers/default.py: 0
[2014-10-29 17:07:05] EDIT scada_pyserial/controllers/default.py: 0
[2014-10-29 17:09:12] EDIT scada_pyserial/controllers/default.py: 0
[2014-10-29 17:10:21] EDIT scada_pyserial/controllers/default.py: 0
[2014-10-29 17:11:05] EDIT scada_pyserial/controllers/default.py: 0
[2014-10-29 17:11:49] EDIT scada_pyserial/controllers/default.py: 0
[2014-10-29 17:17:43] EDIT scada_pyserial/controllers/default.py: 0
[2014-10-29 17:19:10] EDIT scada_pyserial/controllers/default.py: 0
[2014-10-29 17:20:03] EDIT scada_pyserial/controllers/default.py: 0
[2014-10-29 17:21:46] EDIT scada_pyserial/controllers/default.py: 0
[2014-10-29 17:22:16] EDIT scada_pyserial/controllers/default.py: 0
[2014-10-29 17:22:32] EDIT scada_pyserial/views/default/index.html: 0
[2014-10-29 17:23:20] EDIT scada_pyserial/views/default/index.html: 0
[2014-10-29 17:24:02] EDIT scada_pyserial/controllers/default.py: 0
[2014-10-29 17:24:50] EDIT scada_pyserial/controllers/default.py: 0
[2014-10-29 17:25:22] EDIT scada_pyserial/controllers/default.py: 0
[2014-10-29 17:27:45] EDIT scada_pyserial/controllers/default.py: 0
[2014-10-29 17:28:09] EDIT scada_pyserial/controllers/default.py: 0
[2014-10-29 17:28:42] EDIT scada_pyserial/controllers/default.py: 0
[2014-10-29 17:30:21] EDIT scada_pyserial/views/default/index.html: 0
[2014-10-29 17:31:06] EDIT scada_pyserial/views/default/index.html: 0
[2014-10-29 17:32:06] EDIT scada_pyserial/views/default/index.html: 0
[2014-10-29 17:33:06] EDIT scada_pyserial/controllers/default.py: 0
[2014-10-29 17:34:24] EDIT scada_pyserial/controllers/default.py: 0
[2014-10-29 17:35:51] EDIT scada_pyserial/controllers/default.py: 0
[2014-10-29 17:39:08] EDIT scada_pyserial/controllers/default.py: 0
[2014-10-29 17:40:11] EDIT scada_pyserial/controllers/default.py: 0
[2014-10-29 17:41:12] EDIT scada_pyserial/controllers/default.py: 0
[2014-10-29 17:42:49] EDIT scada_pyserial/controllers/default.py: 0
[2014-10-29 17:51:55] EDIT scada_pyserial/views/default/index.html: 0
[2014-10-29 18:08:21] EDIT scada_pyserial/views/default/index.html: 0
[2014-10-29 18:09:14] EDIT scada_pyserial/controllers/default.py: 0
[2014-10-29 18:09:28] EDIT scada_pyserial/controllers/default.py: 0
[2014-10-29 18:09:56] EDIT scada_pyserial/views/default/index.html: 0
[2014-10-29 18:11:50] EDIT scada_pyserial/controllers/default.py: 0
[2014-10-29 18:12:54] EDIT scada_pyserial/controllers/default.py: 0
[2014-10-29 18:14:42] EDIT scada_pyserial/controllers/default.py: 1
[2014-10-29 18:15:54] EDIT scada_pyserial/controllers/default.py: -1
[2014-10-29 18:17:47] EDIT scada_pyserial/controllers/default.py: 0
[2014-10-29 18:19:37] EDIT scada_pyserial/views/default/index.html: 0
[2014-10-29 18:20:51] EDIT scada_pyserial/views/default/index.html: 0
[2014-10-29 18:26:50] EDIT scada_pyserial/views/default/index.html: 0
[2014-10-29 18:28:00] EDIT scada_pyserial/controllers/default.py: 1
[2014-10-29 18:28:34] EDIT scada_pyserial/controllers/default.py: 0
[2014-10-29 18:34:39] EDIT scada_pyserial/controllers/default.py: 1
[2014-10-29 18:36:25] EDIT scada_pyserial/controllers/default.py: 1
[2014-10-29 18:38:15] EDIT scada_pyserial/controllers/default.py: -3
[2014-10-29 18:39:13] EDIT scada_pyserial/controllers/default.py: 0
[2014-10-29 18:39:54] EDIT scada_pyserial/controllers/default.py: -1
[2014-10-29 18:41:27] EDIT scada_pyserial/views/default/index.html: 0
[2014-10-29 18:47:30] EDIT scada_pyserial/views/default/index.html: 0
[2014-10-29 18:49:05] EDIT scada_pyserial/views/default/index.html: 0
[2014-10-29 18:50:19] EDIT scada_pyserial/views/default/index.html: 0
[2014-10-29 18:50:31] EDIT scada_pyserial/controllers/default.py: 0
[2014-10-29 18:51:24] EDIT scada_pyserial/controllers/default.py: 0
[2014-10-29 18:51:43] EDIT scada_pyserial/controllers/default.py: 0
[2014-10-29 18:52:55] EDIT scada_pyserial/controllers/default.py: 0
[2014-10-29 18:53:34] EDIT scada_pyserial/controllers/default.py: 0
[2014-10-29 18:53:51] EDIT scada_pyserial/views/default/index.html: 0
[2014-10-29 18:54:51] EDIT scada_pyserial/views/default/index.html: 1
[2014-10-29 18:56:23] EDIT scada_pyserial/controllers/default.py: 0
[2014-10-29 18:57:23] EDIT scada_pyserial/controllers/default.py: 1
[2014-10-29 18:58:13] EDIT scada_pyserial/controllers/default.py: 0
[2014-10-29 18:58:42] EDIT scada_pyserial/controllers/default.py: 0
[2014-10-29 19:03:14] EDIT scada_pyserial/views/default/index.html: -1
[2014-10-29 19:04:32] EDIT scada_pyserial/views/default/index.html: -1
[2014-10-29 19:05:36] EDIT scada_pyserial/controllers/default.py: 1
[2014-10-29 19:06:42] EDIT scada_pyserial/controllers/default.py: 0
[2014-10-29 19:06:54] EDIT scada_pyserial/controllers/default.py: 0
[2014-10-29 19:08:46] EDIT scada_pyserial/views/default/index.html: 0
[2014-10-29 19:09:36] EDIT scada_pyserial/controllers/default.py: 0
[2014-10-29 19:11:32] EDIT scada_pyserial/controllers/default.py: 0
[2014-10-29 19:12:30] EDIT scada_pyserial/controllers/default.py: 0
[2014-10-29 19:13:42] EDIT scada_pyserial/controllers/default.py: 0
[2014-10-29 19:14:15] EDIT scada_pyserial/controllers/default.py: 0
[2014-10-29 19:16:45] EDIT scada_pyserial/controllers/default.py: 2
[2014-10-29 19:17:53] EDIT scada_pyserial/controllers/default.py: 0
[2014-10-29 19:19:40] EDIT scada_pyserial/controllers/default.py: -1
[2014-10-29 19:20:29] EDIT scada_pyserial/controllers/default.py: 1
[2014-10-29 19:21:52] EDIT scada_pyserial/controllers/default.py: 2
[2014-10-29 19:22:26] EDIT scada_pyserial/controllers/default.py: 1
[2014-10-29 19:23:27] EDIT scada_pyserial/controllers/default.py: 1
[2014-10-29 19:23:45] EDIT scada_pyserial/controllers/default.py: 1
[2014-10-29 19:26:31] EDIT scada_pyserial/controllers/default.py: -2
[2014-10-29 19:30:44] EDIT scada_pyserial/controllers/default.py: -2
[2014-10-29 19:36:22] EDIT scada_pyserial/controllers/default.py: -2
[2014-10-29 19:38:03] EDIT scada_pyserial/controllers/default.py: 3
[2014-10-29 19:38:55] EDIT scada_pyserial/controllers/default.py: 1
[2014-10-29 19:40:41] EDIT scada_pyserial/controllers/default.py: -1
[2014-10-29 19:42:00] EDIT scada_pyserial/controllers/default.py: 0
